SF:lib/widgets/display_info.widget.dart
DA:7,2
DA:9,1
DA:11,1
DA:12,1
DA:13,1
DA:15,1
DA:16,1
DA:17,1
DA:18,2
DA:19,1
DA:21,2
LF:11
LH:11
end_of_record
SF:lib/models/launch.model.dart
DA:15,0
DA:27,1
DA:28,1
DA:29,1
DA:31,1
DA:34,1
DA:35,1
DA:36,1
DA:37,1
DA:38,1
DA:39,2
DA:40,2
DA:42,0
DA:43,0
DA:44,0
DA:45,0
DA:46,0
DA:47,0
DA:48,0
DA:49,0
DA:50,0
DA:51,0
LF:22
LH:11
end_of_record
SF:lib/widgets/launch_card.widget.dart
DA:12,2
DA:14,1
DA:16,1
DA:18,1
DA:19,1
DA:21,1
DA:22,0
DA:23,0
DA:24,0
DA:26,1
DA:28,1
DA:30,1
DA:31,1
DA:32,1
DA:34,1
DA:37,2
DA:38,1
DA:39,2
DA:40,2
DA:41,1
DA:44,1
DA:49,0
DA:50,0
DA:53,0
DA:56,1
DA:57,1
DA:59,1
DA:62,1
DA:63,1
DA:64,2
DA:68,1
DA:69,1
DA:70,1
DA:71,1
DA:75,1
DA:76,3
DA:77,0
DA:78,0
DA:81,1
DA:83,3
DA:84,0
DA:85,3
DA:86,1
DA:87,0
DA:89,1
DA:90,0
DA:91,1
DA:92,2
DA:93,1
LF:49
LH:38
end_of_record
SF:lib/utils/widgets/alert_dialog.util.dart
DA:7,0
DA:13,0
DA:14,0
DA:16,0
DA:17,0
DA:18,0
DA:19,0
DA:20,0
DA:21,0
DA:22,0
DA:29,0
DA:31,0
DA:32,0
DA:33,0
DA:34,0
DA:35,0
DA:36,0
DA:37,0
LF:18
LH:0
end_of_record
SF:lib/constants/api.dart
DA:1,16
DA:7,0
DA:10,0
LF:3
LH:1
end_of_record
SF:lib/utils/lookup.util.dart
DA:1,2
DA:3,4
DA:4,2
DA:5,2
LF:4
LH:4
end_of_record
SF:lib/models/launchPad.model.dart
DA:6,0
DA:10,0
DA:12,0
DA:13,0
LF:4
LH:0
end_of_record
SF:lib/models/rocket.model.dart
DA:8,0
DA:14,0
DA:15,0
DA:16,0
DA:17,0
DA:19,0
DA:20,0
DA:21,0
DA:22,0
LF:9
LH:0
end_of_record
SF:lib/repositories/launch.repository.dart
DA:16,0
DA:21,0
DA:24,0
DA:26,0
DA:28,0
DA:29,0
DA:33,0
DA:41,0
DA:42,0
DA:43,0
DA:46,0
DA:47,0
DA:48,0
DA:49,0
DA:50,0
DA:51,0
DA:52,0
DA:53,0
DA:54,0
DA:55,0
DA:56,0
DA:57,0
DA:58,0
DA:59,0
DA:68,0
DA:70,0
DA:71,0
DA:73,0
DA:79,0
DA:81,0
DA:82,0
DA:84,0
LF:32
LH:0
end_of_record
SF:lib/services/api_service.dart
DA:11,0
DA:13,0
DA:18,0
DA:20,0
DA:21,0
DA:23,0
DA:25,0
DA:26,0
LF:8
LH:0
end_of_record
SF:lib/services/data_cache.service.dart
DA:5,0
DA:9,0
DA:10,0
DA:13,0
DA:14,0
LF:5
LH:0
end_of_record
SF:lib/routes.dart
DA:9,0
DA:10,0
DA:11,0
DA:12,0
DA:13,0
DA:16,0
DA:17,0
DA:18,0
DA:19,0
DA:23,0
DA:24,0
LF:11
LH:0
end_of_record
SF:lib/screens/all_launches.screen.dart
DA:11,0
DA:12,0
DA:20,0
DA:22,0
DA:24,0
DA:25,0
DA:27,0
DA:30,0
DA:33,0
DA:34,0
DA:35,0
DA:36,0
DA:37,0
DA:42,0
DA:43,0
DA:48,0
DA:50,0
DA:51,0
DA:53,0
DA:55,0
DA:56,0
DA:57,0
DA:58,0
DA:59,0
DA:60,0
DA:61,0
DA:62,0
DA:64,0
DA:65,0
DA:68,0
DA:73,0
DA:75,0
DA:76,0
DA:77,0
DA:78,0
DA:79,0
DA:82,0
LF:37
LH:0
end_of_record
SF:lib/screens/launch_details.screen.dart
DA:15,0
DA:23,0
DA:26,0
DA:28,0
DA:29,0
DA:38,0
DA:40,0
DA:42,0
DA:43,0
DA:44,0
DA:47,0
DA:50,0
DA:51,0
DA:52,0
DA:53,0
DA:54,0
DA:63,0
DA:65,0
DA:66,0
DA:67,0
DA:73,0
DA:75,0
DA:77,0
DA:78,0
DA:79,0
DA:81,0
DA:82,0
DA:83,0
DA:84,0
DA:86,0
DA:87,0
DA:90,0
DA:91,0
DA:92,0
DA:93,0
DA:94,0
DA:97,0
DA:100,0
DA:101,0
DA:103,0
DA:105,0
DA:106,0
DA:108,0
DA:109,0
DA:110,0
DA:116,0
DA:117,0
DA:119,0
DA:120,0
DA:122,0
DA:124,0
DA:125,0
DA:127,0
DA:129,0
DA:131,0
DA:133,0
DA:134,0
DA:136,0
DA:141,0
DA:144,0
DA:145,0
DA:146,0
DA:148,0
DA:149,0
DA:151,0
DA:156,0
DA:158,0
DA:160,0
DA:162,0
DA:164,0
DA:166,0
LF:71
LH:0
end_of_record
SF:lib/utils/date.util.dart
DA:4,1
DA:9,1
DA:11,1
DA:15,1
DA:17,1
LF:5
LH:5
end_of_record
SF:lib/utils/string.util.dart
DA:1,1
DA:4,2
DA:5,2
LF:3
LH:3
end_of_record
